2025-03-13 12:53:09,727 - INFO - === Pan-Tilt Communication Tester ===
2025-03-13 12:53:09,728 - INFO - Log files: logs/pantilt_comm_20250313_125309.log and raw_comm_20250313_125309.bin
2025-03-13 12:53:09,763 - INFO - Connected to /dev/ttyUSB0 (4800 baud, 8N1)
2025-03-13 12:53:09,763 - INFO - DTR: False, RTS: False
2025-03-13 12:53:09,763 - INFO - =========================================
2025-03-13 12:53:09,763 - INFO - STARTING BASIC COMMUNICATION TEST
2025-03-13 12:53:09,763 - INFO - =========================================
2025-03-13 12:53:09,763 - INFO - Attempting to sync with device (5 attempts)...
2025-03-13 12:53:09,764 - INFO - Sync attempt 1/5
2025-03-13 12:53:09,764 - INFO - Sending SYNC_1 (block): 0x3C
2025-03-13 12:53:09,764 - DEBUG - Wrote 1 bytes
2025-03-13 12:53:09,764 - DEBUG - Waiting for response (timeout: 1.0s, min bytes: 1)
2025-03-13 12:53:10,770 - WARNING - No response received within 1.0s
2025-03-13 12:53:11,270 - INFO - Sync attempt 2/5
2025-03-13 12:53:11,270 - INFO - Sending SYNC_2 (block): 0x3C
2025-03-13 12:53:11,271 - DEBUG - Wrote 1 bytes
2025-03-13 12:53:11,271 - DEBUG - Waiting for response (timeout: 1.0s, min bytes: 1)
2025-03-13 12:53:12,277 - WARNING - No response received within 1.0s
2025-03-13 12:53:12,777 - INFO - Sync attempt 3/5
2025-03-13 12:53:12,778 - INFO - Sending SYNC_3 (block): 0x3C
2025-03-13 12:53:12,778 - DEBUG - Wrote 1 bytes
2025-03-13 12:53:12,778 - DEBUG - Waiting for response (timeout: 1.0s, min bytes: 1)
2025-03-13 12:53:13,784 - WARNING - No response received within 1.0s
2025-03-13 12:53:14,284 - INFO - Sync attempt 4/5
2025-03-13 12:53:14,284 - INFO - Sending SYNC_4 (block): 0x3C
2025-03-13 12:53:14,285 - DEBUG - Wrote 1 bytes
2025-03-13 12:53:14,285 - DEBUG - Waiting for response (timeout: 1.0s, min bytes: 1)
2025-03-13 12:53:15,292 - WARNING - No response received within 1.0s
2025-03-13 12:53:15,792 - INFO - Sync attempt 5/5
2025-03-13 12:53:15,792 - INFO - Sending SYNC_5 (block): 0x3C
2025-03-13 12:53:15,793 - DEBUG - Wrote 1 bytes
2025-03-13 12:53:15,793 - DEBUG - Waiting for response (timeout: 1.0s, min bytes: 1)
2025-03-13 12:53:16,799 - WARNING - No response received within 1.0s
2025-03-13 12:53:17,300 - WARNING - Failed to sync with device
2025-03-13 12:53:17,300 - DEBUG - Serial buffers cleared
2025-03-13 12:53:17,301 - INFO - Step 1: Sending initialization command
2025-03-13 12:53:17,301 - INFO - Sending INIT (block): 0x3C 0x80 0x5C 0xC0 0x5C 0x70 0x5C 0x60 0x5C 0x82 0xCA 0xF8 0xF8 0x0C 0x0C 0x9C 0xCC 0xAC 0x9C 0x8C 0x8C 0x5C 0x78 0x5C 0xE2 0x7C
2025-03-13 12:53:17,301 - DEBUG - Wrote 26 bytes
2025-03-13 12:53:17,301 - DEBUG - Waiting for response (timeout: 3.0s, min bytes: 1)
2025-03-13 12:53:20,310 - WARNING - No response received within 3.0s
2025-03-13 12:53:20,311 - WARNING - No response to initialization, trying alternative command...
2025-03-13 12:53:20,311 - INFO - Sending ALT_INIT (block): 0x3C 0xC0 0x5C 0x80 0x5C 0xC0 0x5C 0x82 0xCA 0x5C 0x5C 0xC8 0x5C 0xE2 0x7C
2025-03-13 12:53:20,311 - DEBUG - Wrote 15 bytes
2025-03-13 12:53:20,312 - DEBUG - Waiting for response (timeout: 3.0s, min bytes: 1)
2025-03-13 12:53:23,320 - WARNING - No response received within 3.0s
2025-03-13 12:53:23,320 - ERROR - No response to alternative initialization command
2025-03-13 12:53:23,320 - INFO - Toggling RTS/DTR lines...
2025-03-13 12:53:24,128 - INFO - RTS/DTR toggled, now at DTR=False, RTS=False
2025-03-13 12:53:25,128 - INFO - Last attempt: Sending heartbeat command directly
2025-03-13 12:53:25,128 - INFO - Sending HEARTBEAT (block): 0x3C 0x80 0x5C 0xC0 0x5C 0xB0 0x5C 0x60 0x5C 0xCA 0x2A 0x18 0x00 0x00 0x0C 0x0C 0x9C 0xCC 0xAC 0x9C 0x5C 0x08 0x5C 0xE2 0x7C
2025-03-13 12:53:25,129 - DEBUG - Wrote 25 bytes
2025-03-13 12:53:25,129 - DEBUG - Waiting for response (timeout: 3.0s, min bytes: 1)
2025-03-13 12:53:27,132 - INFO - Program interrupted by user
2025-03-13 12:53:27,777 - INFO - Disconnected from /dev/ttyUSB0
