2025-03-13 12:52:20,608 - INFO - === Pan-Tilt Communication Tester ===
2025-03-13 12:52:20,609 - INFO - Log files: logs/pantilt_comm_20250313_125220.log and raw_comm_20250313_125220.bin
2025-03-13 12:52:20,643 - INFO - Connected to /dev/ttyUSB0 (9600 baud, 8N1)
2025-03-13 12:52:20,643 - INFO - DTR: False, RTS: False
2025-03-13 12:52:20,644 - INFO - =========================================
2025-03-13 12:52:20,644 - INFO - STARTING BASIC COMMUNICATION TEST
2025-03-13 12:52:20,644 - INFO - =========================================
2025-03-13 12:52:20,644 - INFO - Attempting to sync with device (5 attempts)...
2025-03-13 12:52:20,644 - INFO - Sync attempt 1/5
2025-03-13 12:52:20,644 - INFO - Sending SYNC_1 (block): 0x3C
2025-03-13 12:52:20,644 - DEBUG - Wrote 1 bytes
2025-03-13 12:52:20,644 - DEBUG - Waiting for response (timeout: 1.0s, min bytes: 1)
2025-03-13 12:52:21,645 - WARNING - No response received within 1.0s
2025-03-13 12:52:22,145 - INFO - Sync attempt 2/5
2025-03-13 12:52:22,146 - INFO - Sending SYNC_2 (block): 0x3C
2025-03-13 12:52:22,146 - DEBUG - Wrote 1 bytes
2025-03-13 12:52:22,146 - DEBUG - Waiting for response (timeout: 1.0s, min bytes: 1)
2025-03-13 12:52:23,152 - WARNING - No response received within 1.0s
2025-03-13 12:52:23,653 - INFO - Sync attempt 3/5
2025-03-13 12:52:23,653 - INFO - Sending SYNC_3 (block): 0x3C
2025-03-13 12:52:23,653 - DEBUG - Wrote 1 bytes
2025-03-13 12:52:23,654 - DEBUG - Waiting for response (timeout: 1.0s, min bytes: 1)
2025-03-13 12:52:24,659 - WARNING - No response received within 1.0s
2025-03-13 12:52:25,160 - INFO - Sync attempt 4/5
2025-03-13 12:52:25,160 - INFO - Sending SYNC_4 (block): 0x3C
2025-03-13 12:52:25,160 - DEBUG - Wrote 1 bytes
2025-03-13 12:52:25,161 - DEBUG - Waiting for response (timeout: 1.0s, min bytes: 1)
2025-03-13 12:52:26,167 - WARNING - No response received within 1.0s
2025-03-13 12:52:26,667 - INFO - Sync attempt 5/5
2025-03-13 12:52:26,668 - INFO - Sending SYNC_5 (block): 0x3C
2025-03-13 12:52:26,669 - DEBUG - Wrote 1 bytes
2025-03-13 12:52:26,669 - DEBUG - Waiting for response (timeout: 1.0s, min bytes: 1)
2025-03-13 12:52:27,675 - WARNING - No response received within 1.0s
2025-03-13 12:52:28,175 - WARNING - Failed to sync with device
2025-03-13 12:52:28,176 - DEBUG - Serial buffers cleared
2025-03-13 12:52:28,176 - INFO - Step 1: Sending initialization command
2025-03-13 12:52:28,176 - INFO - Sending INIT (block): 0x3C 0x80 0x5C 0xC0 0x5C 0x70 0x5C 0x60 0x5C 0x82 0xCA 0xF8 0xF8 0x0C 0x0C 0x9C 0xCC 0xAC 0x9C 0x8C 0x8C 0x5C 0x78 0x5C 0xE2 0x7C
2025-03-13 12:52:28,177 - DEBUG - Wrote 26 bytes
2025-03-13 12:52:28,177 - DEBUG - Waiting for response (timeout: 3.0s, min bytes: 1)
2025-03-13 12:52:31,177 - WARNING - No response received within 3.0s
2025-03-13 12:52:31,177 - WARNING - No response to initialization, trying alternative command...
2025-03-13 12:52:31,177 - INFO - Sending ALT_INIT (block): 0x3C 0xC0 0x5C 0x80 0x5C 0xC0 0x5C 0x82 0xCA 0x5C 0x5C 0xC8 0x5C 0xE2 0x7C
2025-03-13 12:52:31,178 - DEBUG - Wrote 15 bytes
2025-03-13 12:52:31,178 - DEBUG - Waiting for response (timeout: 3.0s, min bytes: 1)
2025-03-13 12:52:34,187 - WARNING - No response received within 3.0s
2025-03-13 12:52:34,188 - ERROR - No response to alternative initialization command
2025-03-13 12:52:34,188 - INFO - Toggling RTS/DTR lines...
2025-03-13 12:52:34,995 - INFO - RTS/DTR toggled, now at DTR=False, RTS=False
2025-03-13 12:52:35,996 - INFO - Last attempt: Sending heartbeat command directly
2025-03-13 12:52:35,996 - INFO - Sending HEARTBEAT (block): 0x3C 0x80 0x5C 0xC0 0x5C 0xB0 0x5C 0x60 0x5C 0xCA 0x2A 0x18 0x00 0x00 0x0C 0x0C 0x9C 0xCC 0xAC 0x9C 0x5C 0x08 0x5C 0xE2 0x7C
2025-03-13 12:52:35,996 - DEBUG - Wrote 25 bytes
2025-03-13 12:52:35,996 - DEBUG - Waiting for response (timeout: 3.0s, min bytes: 1)
2025-03-13 12:52:38,135 - INFO - Program interrupted by user
2025-03-13 12:52:38,528 - INFO - Disconnected from /dev/ttyUSB0
